#
# A fatal error has been detected by the Java Runtime Environment:
#
#  EXCEPTION_ACCESS_VIOLATION (0xc0000005) at pc=0x0000000066b13e67, pid=30824, tid=0x0000000000008828
#
# JRE version: Java(TM) SE Runtime Environment (8.0_162-b12) (build 1.8.0_162-b12)
# Java VM: Java HotSpot(TM) 64-Bit Server VM (25.162-b12 mixed mode windows-amd64 compressed oops)
# Problematic frame:
# V  [jvm.dll+0x213e67]
#
# Failed to write core dump. Minidumps are not enabled by default on client versions of Windows
#
# If you would like to submit a bug report, please visit:
#   
#


 []
Registers:
RAX=0x000000007ba7a400, RBX=0x0000000000000006, RCX=0x0000000000005000, RDX=0x0000000000000006
RSP=0x000000007ba7f400, RBP=0x0000000000000000, RSI=0x000000007ba7f400, RDI=0x0000000000000006
R8 =0x0000000000000006, R9 =0x0000000022d2c550, R10=0x000000001b94df98, R11=0x000000007b98a148
R12=0x0000000022d2c550, R13=0x00000000232e6800, R14=0x000000007ba7f4c8, R15=0x000000001b94df98
RIP=0x0000000066b13e67, EFLAGS=0x0000000000010206

Top of Stack: (sp=0x000000007ba7f400)
0x000000007ba7f400:   0000000000000000 00000007c00069a0
0x000000007ba7f410:   00000000232e6800 0000000022d2c550
0x000000007ba7f420:   00000000ffffffff 0000000066b14d97
0x000000007ba7f430:   000000007ba7f530 000000001b94df98
0x000000007ba7f440:   00000000232e6800 00000000669c0483
0x000000007ba7f450:   000000007ba7f490 00000000232e6800
0x000000007ba7f460:   000000007ba7f520 00000000232e6800
0x000000007ba7f470:   000000001b94df98 00000000232e6800
0x000000007ba7f480:   0000000002d16e60 00000000232e6800
0x000000007ba7f490:   000000001b94df98 00000000232e6800
0x000000007ba7f4a0:   000000001b94df98 00000000232e6800
0x000000007ba7f4b0:   0000000000000001 000000001b94df98
0x000000007ba7f4c0:   00000000232e6800 00000000200e4e70
0x000000007ba7f4d0:   00000000232e6800 00000000669c1bed
0x000000007ba7f4e0:   000000007ba7f7e8 00000007c00069a0
0x000000007ba7f4f0:   00000007c00069a0 0000000066ac0033 

Instructions: (pc=0x0000000066b13e67)
0x0000000066b13e47:   48 89 6c 24 30 33 ed 66 90 e8 ab 3f 08 00 ff c3
0x0000000066b13e57:   48 63 c8 48 8b c6 48 0f af cf 48 ff c7 48 2b c1
0x0000000066b13e67:   89 28 48 63 c3 48 3b 05 65 68 59 00 7e db 48 8b
0x0000000066b13e77:   6c 24 30 48 8b 5c 24 38 48 8b 74 24 40 48 83 c4 


Register to memory mapping:

RAX=0x000000007ba7a400 is pointing into the stack for thread: 0x00000000232e6800
RBX=0x0000000000000006 is an unknown value
RCX=0x0000000000005000 is an unknown value
RDX=0x0000000000000006 is an unknown value
RSP=0x000000007ba7f400 is pointing into the stack for thread: 0x00000000232e6800
RBP=0x0000000000000000 is an unknown value
RSI=0x000000007ba7f400 is pointing into the stack for thread: 0x00000000232e6800
RDI=0x0000000000000006 is an unknown value
R8 =0x0000000000000006 is an unknown value
R9 =0x0000000022d2c550 is an unknown value
R10={method} {0x000000001b94dfa0} 'run' '()V' in 'java/lang/Thread'
R11=0x000000007b98a148 is pointing into the stack for thread: 0x00000000232e6800
R12=0x0000000022d2c550 is an unknown value
R13=0x00000000232e6800 is a thread
R14=0x000000007ba7f4c8 is pointing into the stack for thread: 0x00000000232e6800
R15={method} {0x000000001b94dfa0} 'run' '()V' in 'java/lang/Thread'


Stack: [0x000000007b980000,0x000000007ba80000],  sp=0x000000007ba7f400,  free space=1021k
Native frames: (J=compiled Java code, j=interpreted, Vv=VM code, C=native code)


---------------  P R O C E S S  ---------------

Java Threads: ( => current thread )
=>0x00000000232e6800 JavaThread "Keep-Alive-Timer" daemon [_thread_in_vm, id=34856, stack(0x000000007b980000,0x000000007ba80000)]
  0x00000000232e9800 JavaThread "RibbonApacheHttpClientConfiguration.connectionManagerTimer" daemon [_thread_blocked, id=33644, stack(0x0000000065c50000,0x0000000065d50000)]
  0x0000000022e7b000 JavaThread "RibbonApacheHttpClientConfiguration.connectionManagerTimer" daemon [_thread_blocked, id=35504, stack(0x0000000065750000,0x0000000065850000)]
  0x000000001f99a000 JavaThread "RibbonApacheHttpClientConfiguration.connectionManagerTimer" daemon [_thread_blocked, id=31096, stack(0x0000000065350000,0x0000000065450000)]
  0x0000000022e7f000 JavaThread "lettuce-eventExecutorLoop-1-4" daemon [_thread_blocked, id=32964, stack(0x0000000065150000,0x0000000065250000)]
  0x0000000022e7a800 JavaThread "lettuce-eventExecutorLoop-1-3" daemon [_thread_blocked, id=11552, stack(0x0000000063d50000,0x0000000063e50000)]
  0x0000000022e81000 JavaThread "RibbonApacheHttpClientConfiguration.connectionManagerTimer" daemon [_thread_blocked, id=2632, stack(0x000000004e450000,0x000000004e550000)]
  0x0000000022e80800 JavaThread "com.alibaba.nacos.client.Worker.fixed-192.168.6.111_8848-9329d08a-4058-424c-9cb9-1df8aa250847" daemon [_thread_blocked, id=17556, stack(0x000000004c850000,0x000000004c950000)]
  0x0000000022e7c000 JavaThread "lettuce-eventExecutorLoop-1-2" daemon [_thread_blocked, id=37124, stack(0x000000002c140000,0x000000002c240000)]
  0x0000000022e7e000 JavaThread "PollingServerListUpdater-1" daemon [_thread_blocked, id=17404, stack(0x000000002be40000,0x000000002bf40000)]
  0x0000000022e7f800 JavaThread "reactor-http-nio-4" daemon [_thread_in_native, id=37864, stack(0x000000002ac30000,0x000000002ad30000)]
  0x000000001ff4c000 JavaThread "DataPublisher" daemon [_thread_blocked, id=37860, stack(0x000000002ab30000,0x000000002ac30000)]
  0x000000001ff4a000 JavaThread "PollingServerListUpdater-0" daemon [_thread_blocked, id=37856, stack(0x000000002aa30000,0x000000002ab30000)]
  0x000000001f99e800 JavaThread "RibbonApacheHttpClientConfiguration.connectionManagerTimer" daemon [_thread_blocked, id=37836, stack(0x000000002a930000,0x000000002aa30000)]
  0x000000001f99c800 JavaThread "lettuce-eventExecutorLoop-1-1" daemon [_thread_blocked, id=37832, stack(0x000000002a830000,0x000000002a930000)]
  0x000000001f99f800 JavaThread "lettuce-nioEventLoop-4-1" daemon [_thread_in_native, id=37828, stack(0x0000000029720000,0x0000000029820000)]
  0x000000001f99e000 JavaThread "reactor-http-nio-3" daemon [_thread_in_native, id=37768, stack(0x0000000028610000,0x0000000028710000)]
  0x000000001f99d000 JavaThread "reactor-http-nio-2" daemon [_thread_in_native, id=37764, stack(0x0000000028510000,0x0000000028610000)]
  0x000000001f99b800 JavaThread "logback-8" daemon [_thread_blocked, id=37076, stack(0x0000000027b10000,0x0000000027c10000)]
  0x000000001f994000 JavaThread "logback-7" daemon [_thread_blocked, id=35896, stack(0x0000000027710000,0x0000000027810000)]
  0x000000001f99b000 JavaThread "logback-6" daemon [_thread_blocked, id=27660, stack(0x0000000027210000,0x0000000027310000)]
  0x000000001f992800 JavaThread "logback-5" daemon [_thread_blocked, id=34968, stack(0x0000000026c10000,0x0000000026d10000)]
  0x000000001f999800 JavaThread "logback-4" daemon [_thread_blocked, id=34984, stack(0x0000000026710000,0x0000000026810000)]
  0x000000001f998000 JavaThread "logback-3" daemon [_thread_blocked, id=35448, stack(0x0000000026210000,0x0000000026310000)]
  0x000000001f997000 JavaThread "com.alibaba.nacos.client.naming.updater" daemon [_thread_blocked, id=29208, stack(0x0000000026010000,0x0000000026110000)]
  0x000000001f995000 JavaThread "com.alibaba.nacos.client.naming.updater" daemon [_thread_blocked, id=26960, stack(0x0000000025f10000,0x0000000026010000)]
  0x000000001f992000 JavaThread "logback-2" daemon [_thread_blocked, id=35116, stack(0x0000000025b10000,0x0000000025c10000)]
  0x000000001f998800 JavaThread "com.alibaba.nacos.client.Worker.longPollingfixed-192.168.6.111_8848-9329d08a-4058-424c-9cb9-1df8aa250847" daemon [_thread_blocked, id=35072, stack(0x0000000025a10000,0x0000000025b10000)]
  0x000000001f990800 JavaThread "com.alibaba.nacos.client.Worker.fixed-192.168.6.111_8848-9329d08a-4058-424c-9cb9-1df8aa250847" daemon [_thread_blocked, id=35056, stack(0x0000000025810000,0x0000000025910000)]
  0x000000001f996800 JavaThread "com.alibaba.nacos.client.Worker.longPollingfixed-192.168.6.111_8848-9329d08a-4058-424c-9cb9-1df8aa250847" daemon [_thread_blocked, id=34472, stack(0x0000000025110000,0x0000000025210000)]
  0x000000001f993800 JavaThread "DestroyJavaVM" [_thread_blocked, id=34416, stack(0x0000000002910000,0x0000000002a10000)]
  0x000000001f995800 JavaThread "server" [_thread_blocked, id=7124, stack(0x0000000024d10000,0x0000000024e10000)]
  0x000000001f991000 JavaThread "reactor-http-nio-1" daemon [_thread_in_native, id=13096, stack(0x0000000024c10000,0x0000000024d10000)]
  0x000000001ff4b800 JavaThread "ThreadPoolTaskScheduler-1" [_thread_blocked, id=35808, stack(0x0000000024710000,0x0000000024810000)]
  0x000000001ff4a800 JavaThread "com.alibaba.nacos.naming.beat.sender" daemon [_thread_in_native, id=35676, stack(0x0000000023f10000,0x0000000024010000)]
  0x000000001ff48800 JavaThread "com.alibaba.nacos.naming.push.receiver" daemon [_thread_in_native, id=35672, stack(0x0000000023e10000,0x0000000023f10000)]
  0x000000001ff47000 JavaThread "com.alibaba.nacos.naming.failover" daemon [_thread_blocked, id=35668, stack(0x0000000023d10000,0x0000000023e10000)]
  0x000000001ff47800 JavaThread "com.alibaba.nacos.naming.beat.sender" daemon [_thread_blocked, id=35664, stack(0x0000000023c10000,0x0000000023d10000)]
  0x000000001ff46000 JavaThread "com.alibaba.nacos.naming.client.listener" daemon [_thread_blocked, id=35660, stack(0x0000000023b10000,0x0000000023c10000)]
  0x000000001ff4d000 JavaThread "spring.cloud.inetutils" daemon [_thread_blocked, id=35312, stack(0x0000000022740000,0x0000000022840000)]
  0x000000001e33c000 JavaThread "com.alibaba.nacos.client.Worker.fixed-192.168.6.111_8848-9329d08a-4058-424c-9cb9-1df8aa250847" daemon [_thread_blocked, id=35192, stack(0x0000000021840000,0x0000000021940000)]
  0x000000001e290000 JavaThread "Timer-0" daemon [_thread_blocked, id=35188, stack(0x0000000021740000,0x0000000021840000)]
  0x000000001e2f0000 JavaThread "logback-1" daemon [_thread_blocked, id=35184, stack(0x0000000021640000,0x0000000021740000)]
  0x000000001f50f800 JavaThread "RMI Scheduler(0)" daemon [_thread_blocked, id=35064, stack(0x0000000020b40000,0x0000000020c40000)]
  0x000000001e54b000 JavaThread "RMI TCP Accept-0" daemon [_thread_in_native, id=34996, stack(0x000000001eb80000,0x000000001ec80000)]
  0x000000001e2b6000 JavaThread "Service Thread" daemon [_thread_blocked, id=34932, stack(0x000000001ea80000,0x000000001eb80000)]
  0x000000001e29e000 JavaThread "C1 CompilerThread2" daemon [_thread_blocked, id=34928, stack(0x000000001e980000,0x000000001ea80000)]
  0x000000001e225000 JavaThread "C2 CompilerThread1" daemon [_thread_blocked, id=34924, stack(0x000000001e880000,0x000000001e980000)]
  0x000000001e224800 JavaThread "C2 CompilerThread0" daemon [_thread_blocked, id=34920, stack(0x000000001e780000,0x000000001e880000)]
  0x000000001c305000 JavaThread "JDWP Command Reader" daemon [_thread_in_native, id=34892, stack(0x000000001de80000,0x000000001df80000)]
  0x000000001c301800 JavaThread "JDWP Event Helper Thread" daemon [_thread_blocked, id=34880, stack(0x000000001dd80000,0x000000001de80000)]
  0x000000001c2f2000 JavaThread "JDWP Transport Listener: dt_socket" daemon [_thread_blocked, id=34876, stack(0x000000001dc80000,0x000000001dd80000)]
  0x000000001d6c3800 JavaThread "Attach Listener" daemon [_thread_blocked, id=34872, stack(0x000000001db80000,0x000000001dc80000)]
  0x000000001c2d8800 JavaThread "Signal Dispatcher" daemon [_thread_blocked, id=34868, stack(0x000000001da80000,0x000000001db80000)]
  0x000000001c2aa800 JavaThread "Finalizer" daemon [_thread_blocked, id=29580, stack(0x000000001d520000,0x000000001d620000)]
  0x000000001c288800 JavaThread "Reference Handler" daemon [_thread_blocked, id=33512, stack(0x000000001d420000,0x000000001d520000)]

Other Threads:
  0x000000001c287800 VMThread [stack: 0x000000001d320000,0x000000001d420000] [id=34308]
  0x000000001e55f800 WatcherThread [stack: 0x000000001ec80000,0x000000001ed80000] [id=35004]

VM state:synchronizing (normal execution)

VM Mutex/Monitor currently owned by a thread:  ([mutex/lock_event])
[0x0000000002a416d0] Threads_lock - owner thread: 0x000000001c287800

Heap:
 PSYoungGen      total 232448K, used 83120K [0x000000076b300000, 0x000000077ed80000, 0x00000007c0000000)
  eden space 226304K, 34% used [0x000000076b300000,0x000000076fe3c2a8,0x0000000779000000)
  from space 6144K, 98% used [0x000000077d580000,0x000000077db70020,0x000000077db80000)
  to   space 14848K, 0% used [0x000000077df00000,0x000000077df00000,0x000000077ed80000)
 ParOldGen       total 122368K, used 30016K [0x00000006c1800000, 0x00000006c8f80000, 0x000000076b300000)
  object space 122368K, 24% used [0x00000006c1800000,0x00000006c3550330,0x00000006c8f80000)
 Metaspace       used 51462K, capacity 54682K, committed 54784K, reserved 1095680K
  class space    used 7019K, capacity 7602K, committed 7680K, reserved 1048576K

Card table byte_map: [0x0000000012090000,0x0000000012890000] byte_map_base: 0x000000000ea84000

Marking Bits: (ParMarkBitMap*) 0x0000000067120860
 Begin Bits: [0x00000000131e0000, 0x0000000017180000)
 End Bits:   [0x0000000017180000, 0x000000001b120000)

Polling page: 0x0000000000cc0000

CodeCache: size=245760Kb used=16914Kb max_used=16914Kb free=228845Kb
 bounds [0x0000000002cd0000, 0x0000000003d60000, 0x0000000011cd0000]
 total_blobs=9064 nmethods=8507 adapters=476
 compilation: enabled

Compilation events (10 events):
Event: 8107.929 Thread 0x000000001e29e000 8627       1       org.springframework.boot.context.properties.bind.Bindable::of (14 bytes)
Event: 8107.930 Thread 0x000000001e29e000 nmethod 8627 0x0000000003d53890 code [0x0000000003d53a20, 0x0000000003d53d28]
Event: 8107.933 Thread 0x000000001e29e000 8628   !   1       sun.reflect.GeneratedConstructorAccessor37::newInstance (53 bytes)
Event: 8107.933 Thread 0x000000001e29e000 nmethod 8628 0x0000000003d53f10 code [0x0000000003d540e0, 0x0000000003d545e8]
Event: 8107.946 Thread 0x000000001e29e000 8629       1       io.netty.buffer.ByteBufUtil::copy (94 bytes)
Event: 8107.948 Thread 0x000000001e29e000 nmethod 8629 0x0000000003d54b10 code [0x0000000003d54d40, 0x0000000003d55518]
Event: 8110.218 Thread 0x000000001e29e000 8630       1       io.netty.handler.codec.http.HttpUtil::isTransferEncodingChunked (17 bytes)
Event: 8110.219 Thread 0x000000001e29e000 nmethod 8630 0x0000000003d55d50 code [0x0000000003d55ec0, 0x0000000003d56048]
Event: 8836.431 Thread 0x000000001e29e000 8631       1       java.util.concurrent.locks.AbstractQueuedSynchronizer::shouldParkAfterFailedAcquire (50 bytes)
Event: 8836.431 Thread 0x000000001e29e000 nmethod 8631 0x0000000003d56110 code [0x0000000003d56260, 0x0000000003d56410]

GC Heap History (10 events):
Event: 2158.689 GC heap before
{Heap before GC invocations=13 (full 2):
 PSYoungGen      total 269824K, used 269796K [0x000000076b300000, 0x000000077cf80000, 0x00000007c0000000)
  eden space 257024K, 100% used [0x000000076b300000,0x000000077ae00000,0x000000077ae00000)
  from space 12800K, 99% used [0x000000077c300000,0x000000077cf793b8,0x000000077cf80000)
  to   space 15872K, 0% used [0x000000077b080000,0x000000077b080000,0x000000077c000000)
 ParOldGen       total 122368K, used 18611K [0x00000006c1800000, 0x00000006c8f80000, 0x000000076b300000)
  object space 122368K, 15% used [0x00000006c1800000,0x00000006c2a2cc30,0x00000006c8f80000)
 Metaspace       used 50165K, capacity 53122K, committed 53248K, reserved 1095680K
  class space    used 6824K, capacity 7380K, committed 7424K, reserved 1048576K
Event: 2158.861 GC heap after
Heap after GC invocations=13 (full 2):
 PSYoungGen      total 275456K, used 2512K [0x000000076b300000, 0x0000000780c00000, 0x00000007c0000000)
  eden space 259584K, 0% used [0x000000076b300000,0x000000076b300000,0x000000077b080000)
  from space 15872K, 15% used [0x000000077b080000,0x000000077b2f4010,0x000000077c000000)
  to   space 16384K, 0% used [0x000000077fc00000,0x000000077fc00000,0x0000000780c00000)
 ParOldGen       total 122368K, used 29984K [0x00000006c1800000, 0x00000006c8f80000, 0x000000076b300000)
  object space 122368K, 24% used [0x00000006c1800000,0x00000006c3548330,0x00000006c8f80000)
 Metaspace       used 50165K, capacity 53122K, committed 53248K, reserved 1095680K
  class space    used 6824K, capacity 7380K, committed 7424K, reserved 1048576K
}
Event: 3910.689 GC heap before
{Heap before GC invocations=14 (full 2):
 PSYoungGen      total 275456K, used 262095K [0x000000076b300000, 0x0000000780c00000, 0x00000007c0000000)
  eden space 259584K, 99% used [0x000000076b300000,0x000000077b07fbf0,0x000000077b080000)
  from space 15872K, 15% used [0x000000077b080000,0x000000077b2f4010,0x000000077c000000)
  to   space 16384K, 0% used [0x000000077fc00000,0x000000077fc00000,0x0000000780c00000)
 ParOldGen       total 122368K, used 29984K [0x00000006c1800000, 0x00000006c8f80000, 0x000000076b300000)
  object space 122368K, 24% used [0x00000006c1800000,0x00000006c3548330,0x00000006c8f80000)
 Metaspace       used 50189K, capacity 53122K, committed 53248K, reserved 1095680K
  class space    used 6829K, capacity 7380K, committed 7424K, reserved 1048576K
Event: 3910.764 GC heap after
Heap after GC invocations=14 (full 2):
 PSYoungGen      total 254464K, used 3280K [0x000000076b300000, 0x000000077ff80000, 0x00000007c0000000)
  eden space 250880K, 0% used [0x000000076b300000,0x000000076b300000,0x000000077a800000)
  from space 3584K, 91% used [0x000000077fc00000,0x000000077ff34030,0x000000077ff80000)
  to   space 16384K, 0% used [0x000000077df80000,0x000000077df80000,0x000000077ef80000)
 ParOldGen       total 122368K, used 29992K [0x00000006c1800000, 0x00000006c8f80000, 0x000000076b300000)
  object space 122368K, 24% used [0x00000006c1800000,0x00000006c354a330,0x00000006c8f80000)
 Metaspace       used 50189K, capacity 53122K, committed 53248K, reserved 1095680K
  class space    used 6829K, capacity 7380K, committed 7424K, reserved 1048576K
}
Event: 5657.627 GC heap before
{Heap before GC invocations=15 (full 2):
 PSYoungGen      total 254464K, used 254160K [0x000000076b300000, 0x000000077ff80000, 0x00000007c0000000)
  eden space 250880K, 100% used [0x000000076b300000,0x000000077a800000,0x000000077a800000)
  from space 3584K, 91% used [0x000000077fc00000,0x000000077ff34030,0x000000077ff80000)
  to   space 16384K, 0% used [0x000000077df80000,0x000000077df80000,0x000000077ef80000)
 ParOldGen       total 122368K, used 29992K [0x00000006c1800000, 0x00000006c8f80000, 0x000000076b300000)
  object space 122368K, 24% used [0x00000006c1800000,0x00000006c354a330,0x00000006c8f80000)
 Metaspace       used 51113K, capacity 54202K, committed 54400K, reserved 1095680K
  class space    used 6961K, capacity 7536K, committed 7552K, reserved 1048576K
Event: 5657.674 GC heap after
Heap after GC invocations=15 (full 2):
 PSYoungGen      total 247296K, used 5011K [0x000000076b300000, 0x000000077fc80000, 0x00000007c0000000)
  eden space 242176K, 0% used [0x000000076b300000,0x000000076b300000,0x0000000779f80000)
  from space 5120K, 97% used [0x000000077df80000,0x000000077e464f70,0x000000077e480000)
  to   space 15872K, 0% used [0x000000077ed00000,0x000000077ed00000,0x000000077fc80000)
 ParOldGen       total 122368K, used 30000K [0x00000006c1800000, 0x00000006c8f80000, 0x000000076b300000)
  object space 122368K, 24% used [0x00000006c1800000,0x00000006c354c330,0x00000006c8f80000)
 Metaspace       used 51113K, capacity 54202K, committed 54400K, reserved 1095680K
  class space    used 6961K, capacity 7536K, committed 7552K, reserved 1048576K
}
Event: 7079.621 GC heap before
{Heap before GC invocations=16 (full 2):
 PSYoungGen      total 247296K, used 247187K [0x000000076b300000, 0x000000077fc80000, 0x00000007c0000000)
  eden space 242176K, 100% used [0x000000076b300000,0x0000000779f80000,0x0000000779f80000)
  from space 5120K, 97% used [0x000000077df80000,0x000000077e464f70,0x000000077e480000)
  to   space 15872K, 0% used [0x000000077ed00000,0x000000077ed00000,0x000000077fc80000)
 ParOldGen       total 122368K, used 30000K [0x00000006c1800000, 0x00000006c8f80000, 0x000000076b300000)
  object space 122368K, 24% used [0x00000006c1800000,0x00000006c354c330,0x00000006c8f80000)
 Metaspace       used 51456K, capacity 54682K, committed 54784K, reserved 1095680K
  class space    used 7019K, capacity 7602K, committed 7680K, reserved 1048576K
Event: 7079.700 GC heap after
Heap after GC invocations=16 (full 2):
 PSYoungGen      total 240640K, used 6273K [0x000000076b300000, 0x000000077f380000, 0x00000007c0000000)
  eden space 233984K, 0% used [0x000000076b300000,0x000000076b300000,0x0000000779780000)
  from space 6656K, 94% used [0x000000077ed00000,0x000000077f3204a8,0x000000077f380000)
  to   space 15360K, 0% used [0x000000077d580000,0x000000077d580000,0x000000077e480000)
 ParOldGen       total 122368K, used 30008K [0x00000006c1800000, 0x00000006c8f80000, 0x000000076b300000)
  object space 122368K, 24% used [0x00000006c1800000,0x00000006c354e330,0x00000006c8f80000)
 Metaspace       used 51456K, capacity 54682K, committed 54784K, reserved 1095680K
  class space    used 7019K, capacity 7602K, committed 7680K, reserved 1048576K
}
Event: 8516.782 GC heap before
{Heap before GC invocations=17 (full 2):
 PSYoungGen      total 240640K, used 240257K [0x000000076b300000, 0x000000077f380000, 0x00000007c0000000)
  eden space 233984K, 100% used [0x000000076b300000,0x0000000779780000,0x0000000779780000)
  from space 6656K, 94% used [0x000000077ed00000,0x000000077f3204a8,0x000000077f380000)
  to   space 15360K, 0% used [0x000000077d580000,0x000000077d580000,0x000000077e480000)
 ParOldGen       total 122368K, used 30008K [0x00000006c1800000, 0x00000006c8f80000, 0x000000076b300000)
  object space 122368K, 24% used [0x00000006c1800000,0x00000006c354e330,0x00000006c8f80000)
 Metaspace       used 51462K, capacity 54682K, committed 54784K, reserved 1095680K
  class space    used 7019K, capacity 7602K, committed 7680K, reserved 1048576K
Event: 8516.864 GC heap after
Heap after GC invocations=17 (full 2):
 PSYoungGen      total 232448K, used 6080K [0x000000076b300000, 0x000000077ed80000, 0x00000007c0000000)
  eden space 226304K, 0% used [0x000000076b300000,0x000000076b300000,0x0000000779000000)
  from space 6144K, 98% used [0x000000077d580000,0x000000077db70020,0x000000077db80000)
  to   space 14848K, 0% used [0x000000077df00000,0x000000077df00000,0x000000077ed80000)
 ParOldGen       total 122368K, used 30016K [0x00000006c1800000, 0x00000006c8f80000, 0x000000076b300000)
  object space 122368K, 24% used [0x00000006c1800000,0x00000006c3550330,0x00000006c8f80000)
 Metaspace       used 51462K, capacity 54682K, committed 54784K, reserved 1095680K
  class space    used 7019K, capacity 7602K, committed 7680K, reserved 1048576K
}

Deoptimization events (0 events):
No events

Classes redefined (0 events):
No events

Internal exceptions (10 events):
Event: 8937.791 Thread 0x000000001e290000 Exception <a 'java/io/FileNotFoundException'> (0x000000076f364960) thrown at [C:\re\workspace\8-2-build-windows-amd64-cygwin\jdk8u162\10278\hotspot\src\share\vm\prims\jni.cpp, line 709]
Event: 8937.791 Thread 0x000000001e290000 Exception <a 'java/io/FileNotFoundException'> (0x000000076f364f38) thrown at [C:\re\workspace\8-2-build-windows-amd64-cygwin\jdk8u162\10278\hotspot\src\share\vm\prims\jni.cpp, line 709]
Event: 8947.790 Thread 0x000000001e290000 Exception <a 'java/io/FileNotFoundException'> (0x000000076f36bfc8) thrown at [C:\re\workspace\8-2-build-windows-amd64-cygwin\jdk8u162\10278\hotspot\src\share\vm\prims\jni.cpp, line 709]
Event: 8947.790 Thread 0x000000001e290000 Exception <a 'java/io/FileNotFoundException'> (0x000000076f36c5a0) thrown at [C:\re\workspace\8-2-build-windows-amd64-cygwin\jdk8u162\10278\hotspot\src\share\vm\prims\jni.cpp, line 709]
Event: 8957.790 Thread 0x000000001e290000 Exception <a 'java/io/FileNotFoundException'> (0x000000076f900fa8) thrown at [C:\re\workspace\8-2-build-windows-amd64-cygwin\jdk8u162\10278\hotspot\src\share\vm\prims\jni.cpp, line 709]
Event: 8957.790 Thread 0x000000001e290000 Exception <a 'java/io/FileNotFoundException'> (0x000000076f901580) thrown at [C:\re\workspace\8-2-build-windows-amd64-cygwin\jdk8u162\10278\hotspot\src\share\vm\prims\jni.cpp, line 709]
Event: 8967.791 Thread 0x000000001e290000 Exception <a 'java/io/FileNotFoundException'> (0x000000076f908610) thrown at [C:\re\workspace\8-2-build-windows-amd64-cygwin\jdk8u162\10278\hotspot\src\share\vm\prims\jni.cpp, line 709]
Event: 8967.791 Thread 0x000000001e290000 Exception <a 'java/io/FileNotFoundException'> (0x000000076f908be8) thrown at [C:\re\workspace\8-2-build-windows-amd64-cygwin\jdk8u162\10278\hotspot\src\share\vm\prims\jni.cpp, line 709]
Event: 8977.793 Thread 0x000000001e290000 Exception <a 'java/io/FileNotFoundException'> (0x000000076f90fc78) thrown at [C:\re\workspace\8-2-build-windows-amd64-cygwin\jdk8u162\10278\hotspot\src\share\vm\prims\jni.cpp, line 709]
Event: 8977.793 Thread 0x000000001e290000 Exception <a 'java/io/FileNotFoundException'> (0x000000076f910250) thrown at [C:\re\workspace\8-2-build-windows-amd64-cygwin\jdk8u162\10278\hotspot\src\share\vm\prims\jni.cpp, line 709]

Events (10 events):
Event: 8986.659 Executing VM operation: RevokeBias done
Event: 8986.664 Thread 0x000000001f997000 DEOPT PACKING pc=0x000000000348829c sp=0x000000002610e060
Event: 8986.664 Thread 0x000000001f997000 DEOPT UNPACKING pc=0x0000000002d17890 sp=0x000000002610de18 mode 1
Event: 8986.664 Thread 0x000000001f997000 DEOPT PACKING pc=0x0000000003650f2c sp=0x000000002610e190
Event: 8986.664 Thread 0x000000001f997000 DEOPT UNPACKING pc=0x0000000002d17890 sp=0x000000002610e200 mode 1
Event: 8986.664 Executing VM operation: RevokeBias
Event: 8986.665 Executing VM operation: RevokeBias done
Event: 8986.874 Thread 0x00000000232e8000 Thread exited: 0x00000000232e8000
Event: 8986.915 Thread 0x00000000232e6800 Thread added: 0x00000000232e6800
Event: 8986.916 Executing VM operation: RevokeBias


Dynamic libraries:
0x00007ff7161e0000 - 0x00007ff716217000 	C:\Program Files\Java\jdk1.8.0_162\bin\java.exe
0x00007fffcdf90000 - 0x00007fffce160000 	C:\WINDOWS\SYSTEM32\ntdll.dll
0x00007fffcb780000 - 0x00007fffcb82b000 	C:\WINDOWS\System32\KERNEL32.DLL
0x00007fffcb2b0000 - 0x00007fffcb4cd000 	C:\WINDOWS\System32\KERNELBASE.dll
0x00007fffcc000000 - 0x00007fffcc0a2000 	C:\WINDOWS\System32\ADVAPI32.dll
0x00007fffcda50000 - 0x00007fffcdaee000 	C:\WINDOWS\System32\msvcrt.dll
0x00007fffcb970000 - 0x00007fffcb9c9000 	C:\WINDOWS\System32\sechost.dll
0x00007fffcde60000 - 0x00007fffcdf81000 	C:\WINDOWS\System32\RPCRT4.dll
0x00007fffcbe90000 - 0x00007fffcbff5000 	C:\WINDOWS\System32\USER32.dll
0x00007fffca480000 - 0x00007fffca49e000 	C:\WINDOWS\System32\win32u.dll
0x00007fffcb740000 - 0x00007fffcb774000 	C:\WINDOWS\System32\GDI32.dll
0x00007fffcb120000 - 0x00007fffcb2a1000 	C:\WINDOWS\System32\gdi32full.dll
0x00007fffbf620000 - 0x00007fffbf89a000 	C:\WINDOWS\WinSxS\amd64_microsoft.windows.common-controls_6595b64144ccf1df_6.0.14393.2848_none_7ddecd5e83436d8c\COMCTL32.dll
0x00007fffcd780000 - 0x00007fffcda45000 	C:\WINDOWS\System32\combase.dll
0x00007fffcafb0000 - 0x00007fffcb0a4000 	C:\WINDOWS\System32\ucrtbase.dll
0x00007fffcb0b0000 - 0x00007fffcb11a000 	C:\WINDOWS\System32\bcryptPrimitives.dll
0x00007fffcdcc0000 - 0x00007fffcdcee000 	C:\WINDOWS\System32\IMM32.DLL
0x00000000671a0000 - 0x0000000067271000 	C:\Program Files\Java\jdk1.8.0_162\jre\bin\msvcr100.dll
0x0000000066900000 - 0x00000000671a0000 	C:\Program Files\Java\jdk1.8.0_162\jre\bin\server\jvm.dll
0x00007fffcbe70000 - 0x00007fffcbe78000 	C:\WINDOWS\System32\PSAPI.DLL
0x00007fffc84c0000 - 0x00007fffc84c9000 	C:\WINDOWS\SYSTEM32\WSOCK32.dll
0x00007fffcddf0000 - 0x00007fffcde5a000 	C:\WINDOWS\System32\WS2_32.dll
0x00007fffc89d0000 - 0x00007fffc89f3000 	C:\WINDOWS\SYSTEM32\WINMM.dll
0x00007fffbb300000 - 0x00007fffbb30a000 	C:\WINDOWS\SYSTEM32\VERSION.dll
0x00007fffc89a0000 - 0x00007fffc89cb000 	C:\WINDOWS\SYSTEM32\WINMMBASE.dll
0x00007fffcb4d0000 - 0x00007fffcb512000 	C:\WINDOWS\System32\cfgmgr32.dll
0x00000000668f0000 - 0x00000000668ff000 	C:\Program Files\Java\jdk1.8.0_162\jre\bin\verify.dll
0x00000000668c0000 - 0x00000000668e9000 	C:\Program Files\Java\jdk1.8.0_162\jre\bin\java.dll
0x0000000066810000 - 0x0000000066845000 	C:\Program Files\Java\jdk1.8.0_162\jre\bin\jdwp.dll
0x0000000066800000 - 0x0000000066808000 	C:\Program Files\Java\jdk1.8.0_162\jre\bin\npt.dll
0x00000000667d0000 - 0x00000000667f3000 	C:\Program Files\Java\jdk1.8.0_162\jre\bin\instrument.dll
0x00000000668a0000 - 0x00000000668b6000 	C:\Program Files\Java\jdk1.8.0_162\jre\bin\zip.dll
0x00007fffcc1b0000 - 0x00007fffcd6b5000 	C:\WINDOWS\System32\SHELL32.dll
0x00007fffca8d0000 - 0x00007fffcafa9000 	C:\WINDOWS\System32\windows.storage.dll
0x00007fffca420000 - 0x00007fffca46c000 	C:\WINDOWS\System32\powrprof.dll
0x00007fffcb520000 - 0x00007fffcb572000 	C:\WINDOWS\System32\shlwapi.dll
0x00007fffca3f0000 - 0x00007fffca3ff000 	C:\WINDOWS\System32\kernel.appcore.dll
0x00007fffca550000 - 0x00007fffca5f9000 	C:\WINDOWS\System32\shcore.dll
0x00007fffca400000 - 0x00007fffca414000 	C:\WINDOWS\System32\profapi.dll
0x00000000667c0000 - 0x00000000667c9000 	C:\Program Files\Java\jdk1.8.0_162\jre\bin\dt_socket.dll
0x00007fffc9cc0000 - 0x00007fffc9d1c000 	C:\WINDOWS\system32\mswsock.dll
0x0000000066880000 - 0x000000006689a000 	C:\Program Files\Java\jdk1.8.0_162\jre\bin\net.dll
0x00007fffc9a80000 - 0x00007fffc9b21000 	C:\WINDOWS\SYSTEM32\DNSAPI.dll
0x00007fffcbe80000 - 0x00007fffcbe88000 	C:\WINDOWS\System32\NSI.dll
0x00007fffc9a40000 - 0x00007fffc9a78000 	C:\WINDOWS\SYSTEM32\IPHLPAPI.DLL
0x00007fffc3140000 - 0x00007fffc314a000 	C:\Windows\System32\rasadhlp.dll
0x00007fffc3160000 - 0x00007fffc31ca000 	C:\WINDOWS\System32\fwpuclnt.dll
0x00007fffca330000 - 0x00007fffca35b000 	C:\WINDOWS\SYSTEM32\bcrypt.dll
0x0000000066850000 - 0x000000006685d000 	C:\Program Files\Java\jdk1.8.0_162\jre\bin\management.dll
0x0000000066860000 - 0x0000000066871000 	C:\Program Files\Java\jdk1.8.0_162\jre\bin\nio.dll
0x00007fffc9e60000 - 0x00007fffc9e77000 	C:\WINDOWS\SYSTEM32\CRYPTSP.dll
0x00007fffc98c0000 - 0x00007fffc98f3000 	C:\WINDOWS\system32\rsaenh.dll
0x00007fffc9b40000 - 0x00007fffc9b5f000 	C:\WINDOWS\SYSTEM32\USERENV.dll
0x00007fffc9e80000 - 0x00007fffc9e8b000 	C:\WINDOWS\SYSTEM32\CRYPTBASE.dll
0x00007fffc37c0000 - 0x00007fffc37d6000 	C:\WINDOWS\SYSTEM32\dhcpcsvc6.DLL
0x00007fffc3830000 - 0x00007fffc384a000 	C:\WINDOWS\SYSTEM32\dhcpcsvc.DLL
0x00007fffb9b60000 - 0x00007fffb9b76000 	C:\WINDOWS\system32\napinsp.dll
0x00007fffb9b80000 - 0x00007fffb9b9a000 	C:\WINDOWS\system32\pnrpnsp.dll
0x00007fffc7d90000 - 0x00007fffc7da8000 	C:\WINDOWS\system32\NLAapi.dll
0x00007fffbaf20000 - 0x00007fffbaf2e000 	C:\WINDOWS\System32\winrnr.dll
0x00007fffb9ba0000 - 0x00007fffb9bb5000 	C:\WINDOWS\System32\wshbth.dll
0x0000000066790000 - 0x00000000667b4000 	C:\Program Files\Java\jdk1.8.0_162\jre\bin\sunec.dll

VM Arguments:
jvm_args: -agentlib:jdwp=transport=dt_socket,address=127.0.0.1:12464,suspend=y,server=n -XX:TieredStopAtLevel=1 -Xverify:none -Dspring.output.ansi.enabled=always -Dcom.sun.management.jmxremote -Dspring.jmx.enabled=true -Dspring.liveBeansView.mbeanDomain -Dspring.application.admin.enabled=true -javaagent:C:\Users\AIR\.IntelliJIdea2019.3\system\captureAgent\debugger-agent.jar -Dfile.encoding=UTF-8 
java_command: com.yy.gmall.gateway.ServerGatewayApplication
java_class_path (initial): C:\Program Files\Java\jdk1.8.0_162\jre\lib\charsets.jar;C:\Program Files\Java\jdk1.8.0_162\jre\lib\deploy.jar;C:\Program Files\Java\jdk1.8.0_162\jre\lib\ext\access-bridge-64.jar;C:\Program Files\Java\jdk1.8.0_162\jre\lib\ext\cldrdata.jar;C:\Program Files\Java\jdk1.8.0_162\jre\lib\ext\dnsns.jar;C:\Program Files\Java\jdk1.8.0_162\jre\lib\ext\jaccess.jar;C:\Program Files\Java\jdk1.8.0_162\jre\lib\ext\jfxrt.jar;C:\Program Files\Java\jdk1.8.0_162\jre\lib\ext\localedata.jar;C:\Program Files\Java\jdk1.8.0_162\jre\lib\ext\nashorn.jar;C:\Program Files\Java\jdk1.8.0_162\jre\lib\ext\sunec.jar;C:\Program Files\Java\jdk1.8.0_162\jre\lib\ext\sunjce_provider.jar;C:\Program Files\Java\jdk1.8.0_162\jre\lib\ext\sunmscapi.jar;C:\Program Files\Java\jdk1.8.0_162\jre\lib\ext\sunpkcs11.jar;C:\Program Files\Java\jdk1.8.0_162\jre\lib\ext\zipfs.jar;C:\Program Files\Java\jdk1.8.0_162\jre\lib\javaws.jar;C:\Program Files\Java\jdk1.8.0_162\jre\lib\jce.jar;C:\Program Files\Java\jdk1.8.0_162\jre\lib\jfr.jar;C:\Program Files\Java\jdk1.8.0_162\jre\lib\jfxswt.jar;C:\Program Files\Java\jdk1.8.0_162\jre\lib\jsse.jar;C:\Program Files\Java\jdk1.8.0_162\jre\lib\management-agent.jar;C:\Program Files\Java\jdk1.8.0_162\jre\lib\plugin.jar;C:\Program Files\Java\jdk1.8.0_162\jre\lib\resources.jar;C:\Program Files\Java\jdk1.8.0_162\jre\lib\rt.jar;C:\MyProjects\gmall_parent\server_gateway\target\classes;C:\MyProjects\gmall_parent\common\common_util\target\classes;D:\repository\org\apache\httpcomponents\httpclient\4.5.10\httpclient-4.5.10.jar;D:\repository\org\apache\httpcomponents\httpcore\4.4.12\httpcore-4.4.12.jar;D:\repository\commons-codec\commons-codec\1.13\commons-codec-1.13.jar;D:\repository\org\projectlombok\lombok\1.18.10\lombok-1.18.10.jar;D:\repository\io\springfox\springfox-swagger2\2.7.0\springfox-swagger2-2.7.0.jar;D:\repository\io\swagger\swagger-annotations\1.5.13\swagger-annotations-1.5.13.jar;D:\repository\io\swagger\swagger-models\1.5.13\swagger-models-1.5.13.jar;D:
Launcher Type: SUN_STANDARD

Environment Variables:
JAVA_HOME=C:\Program Files\Java\jdk1.8.0_162
CLASSPATH=.;C:\Program Files\Java\jdk1.8.0_162\lib\dt.jar;C:\Program Files\Java\jdk1.8.0_162\lib\tools.jar;¡±;D:\13-springcloud\apache-jmeter-5.4.1\lib\ext\ApacheJMeter_core.jar;D:\13-springcloud\apache-jmeter-5.4.1\lib\jorphan.jar;D:\13-springcloud\apache-jmeter-5.4.1\lib/logkit-2.0.jar; 
PATH=C:\ProgramData\Oracle\Java\javapath;C:\Program Files (x86)\Intel\iCLS Client\;C:\Program Files\Intel\iCLS Client\;C:\WINDOWS\system32;C:\WINDOWS;C:\WINDOWS\System32\Wbem;C:\WINDOWS\System32\WindowsPowerShell\v1.0\;C:\Program Files (x86)\MySQL\MySQL Server 5.5\bin;C:\apache-maven-3.5.3;C:\apache-maven-3.6.3\bin;C:\Program Files\Redis\;C:\Users\AIR\Desktop\phpstudy_pro_8.1.0.1_64bit_Green\phpstudy_pro\Extensions\MySQL5.7.26\bin;C:\Program Files\Java\jdk1.8.0_162\bin;C:\gradle-5.0\bin;D:\software\Node\;C:\Users\AIR\AppData\Local\Microsoft\WindowsApps;C:\Program Files\JetBrains\IntelliJ IDEA 2020.2.1\bin;;D:\software\Microsoft VS Code\bin;C:\Users\AIR\AppData\Roaming\npm
USERNAME=AIR
OS=Windows_NT
PROCESSOR_IDENTIFIER=Intel64 Family 6 Model 61 Stepping 4, GenuineIntel



---------------  S Y S T E M  ---------------

OS: Windows 10.0 , 64 bit Build 14393 (10.0.14393.2906)

CPU:total 4 (initial active 4) (2 cores per cpu, 2 threads per core) family 6 model 61 stepping 4, cmov, cx8, fxsr, mmx, sse, sse2, sse3, ssse3, sse4.1, sse4.2, popcnt, avx, avx2, aes, clmul, erms, 3dnowpref, lzcnt, ht, tsc, tscinvbit, bmi1, bmi2, adx

Memory: 4k page, physical 16677280k(3528740k free), swap 25163756k(0k free)

vm_info: Java HotSpot(TM) 64-Bit Server VM (25.162-b12) for windows-amd64 JRE (1.8.0_162-b12), built on Dec 19 2017 20:00:03 by "java_re" with MS VC++ 10.0 (VS2010)

time: Fri Oct 29 21:09:55 2021
elapsed time: 8986 seconds (0d 2h 29m 46s)

